#
# A fatal error has been detected by the Java Runtime Environment:
#
#  Internal Error (os_windows_x86.cpp:149), pid=2028, tid=6284
#  guarantee(result == EXCEPTION_CONTINUE_EXECUTION) failed: Unexpected result from topLevelExceptionFilter
#
# JRE version: 7.0_04-b22
# Java VM: Java HotSpot(TM) 64-Bit Server VM (23.0-b21 mixed mode windows-amd64 compressed oops)
# Failed to write core dump. Minidumps are not enabled by default on client versions of Windows
#
# If you would like to submit a bug report, please visit:
#   http://bugreport.sun.com/bugreport/crash.jsp
# The crash happened outside the Java Virtual Machine in native code.
# See problematic frame for where to report the bug.
#

---------------  T H R E A D  ---------------

Current thread (0x00000000102b9800):  JavaThread "LWJGL Renderer Thread" [_thread_in_native, id=6284, stack(0x00000000143f0000,0x00000000144f0000)]

Stack: [0x00000000143f0000,0x00000000144f0000]
Java frames: (J=compiled Java code, j=interpreted, Vv=VM code)
j  com.jme3.bullet.collision.shapes.MeshCollisionShape.createShape(J)J+0
j  com.jme3.bullet.collision.shapes.MeshCollisionShape.createShape()V+62
j  com.jme3.bullet.collision.shapes.MeshCollisionShape.read(Lcom/jme3/export/JmeImporter;)V+108
j  com.jme3.export.binary.BinaryImporter.readObject(I)Lcom/jme3/export/Savable;+233
j  com.jme3.export.binary.BinaryInputCapsule.readSavable(Ljava/lang/String;Lcom/jme3/export/Savable;)Lcom/jme3/export/Savable;+81
j  com.jme3.bullet.collision.shapes.infos.ChildCollisionShape.read(Lcom/jme3/export/JmeImporter;)V+73
j  com.jme3.export.binary.BinaryImporter.readObject(I)Lcom/jme3/export/Savable;+233
j  com.jme3.export.binary.BinaryInputCapsule.resolveIDs([Ljava/lang/Object;)[Lcom/jme3/export/Savable;+42
j  com.jme3.export.binary.BinaryInputCapsule.readSavableArray(Ljava/lang/String;[Lcom/jme3/export/Savable;)[Lcom/jme3/export/Savable;+71
j  com.jme3.export.binary.BinaryInputCapsule.readSavableArrayList(Ljava/lang/String;Ljava/util/ArrayList;)Ljava/util/ArrayList;+65
j  com.jme3.bullet.collision.shapes.CompoundCollisionShape.read(Lcom/jme3/export/JmeImporter;)V+24
j  com.jme3.export.binary.BinaryImporter.readObject(I)Lcom/jme3/export/Savable;+233
j  com.jme3.export.binary.BinaryInputCapsule.readSavable(Ljava/lang/String;Lcom/jme3/export/Savable;)Lcom/jme3/export/Savable;+81
j  com.jme3.bullet.collision.PhysicsCollisionObject.read(Lcom/jme3/export/JmeImporter;)V+54
j  com.jme3.bullet.objects.PhysicsRigidBody.read(Lcom/jme3/export/JmeImporter;)V+2
j  com.jme3.bullet.control.RigidBodyControl.read(Lcom/jme3/export/JmeImporter;)V+2
j  com.jme3.export.binary.BinaryImporter.readObject(I)Lcom/jme3/export/Savable;+233
j  com.jme3.export.binary.BinaryInputCapsule.resolveIDs([Ljava/lang/Object;)[Lcom/jme3/export/Savable;+42
j  com.jme3.export.binary.BinaryInputCapsule.readSavableArray(Ljava/lang/String;[Lcom/jme3/export/Savable;)[Lcom/jme3/export/Savable;+71
j  com.jme3.export.binary.BinaryInputCapsule.readSavableArrayList(Ljava/lang/String;Ljava/util/ArrayList;)Ljava/util/ArrayList;+65
j  com.jme3.scene.Spatial.read(Lcom/jme3/export/JmeImporter;)V+172
j  com.jme3.scene.Node.read(Lcom/jme3/export/JmeImporter;)V+79
j  com.jme3.export.binary.BinaryImporter.readObject(I)Lcom/jme3/export/Savable;+233
j  com.jme3.export.binary.BinaryImporter.load(Ljava/io/InputStream;Lcom/jme3/export/ReadListener;Ljava/io/ByteArrayOutputStream;)Lcom/jme3/export/Savable;+631
j  com.jme3.export.binary.BinaryImporter.load(Ljava/io/InputStream;)Lcom/jme3/export/Savable;+4
j  com.jme3.export.binary.BinaryImporter.load(Lcom/jme3/asset/AssetInfo;)Ljava/lang/Object;+17
j  com.jme3.asset.DesktopAssetManager.loadAsset(Lcom/jme3/asset/AssetKey;)Ljava/lang/Object;+205
j  com.jme3.asset.DesktopAssetManager.loadModel(Lcom/jme3/asset/ModelKey;)Lcom/jme3/scene/Spatial;+2
j  com.jme3.asset.DesktopAssetManager.loadModel(Ljava/lang/String;)Lcom/jme3/scene/Spatial;+9
j  Game.BattleForAdrastea.setUpTank()V+7
j  Game.BattleForAdrastea.simpleInitApp()V+29
j  com.jme3.app.SimpleApplication.initialize()V+288
j  com.jme3.system.lwjgl.LwjglAbstractDisplay.initInThread()V+89
j  com.jme3.system.lwjgl.LwjglAbstractDisplay.run()V+32
j  java.lang.Thread.run()V+11
v  ~StubRoutines::call_stub

---------------  P R O C E S S  ---------------

Java Threads: ( => current thread )
  0x00000000102f2000 JavaThread "jME3 Audio Thread" daemon [_thread_blocked, id=9656, stack(0x0000000014fb0000,0x00000000150b0000)]
  0x00000000022ed800 JavaThread "DestroyJavaVM" [_thread_blocked, id=6972, stack(0x00000000024c0000,0x00000000025c0000)]
=>0x00000000102b9800 JavaThread "LWJGL Renderer Thread" [_thread_in_native, id=6284, stack(0x00000000143f0000,0x00000000144f0000)]
  0x00000000102b3000 JavaThread "TimerQueue" daemon [_thread_blocked, id=10196, stack(0x0000000014260000,0x0000000014360000)]
  0x0000000015a1b000 JavaThread "D3D Screen Updater" daemon [_thread_blocked, id=8308, stack(0x0000000016350000,0x0000000016450000)]
  0x0000000010142800 JavaThread "AWT-Windows" daemon [_thread_in_native, id=1928, stack(0x00000000107a0000,0x00000000108a0000)]
  0x000000001013d000 JavaThread "Java2D Disposer" daemon [_thread_blocked, id=9452, stack(0x0000000010480000,0x0000000010580000)]
  0x000000000e361000 JavaThread "Service Thread" daemon [_thread_blocked, id=3384, stack(0x000000000fc40000,0x000000000fd40000)]
  0x000000000e35e800 JavaThread "C2 CompilerThread1" daemon [_thread_blocked, id=7020, stack(0x000000000fa10000,0x000000000fb10000)]
  0x000000000e358000 JavaThread "C2 CompilerThread0" daemon [_thread_blocked, id=6456, stack(0x000000000f750000,0x000000000f850000)]
  0x000000000e357000 JavaThread "Attach Listener" daemon [_thread_blocked, id=10104, stack(0x000000000f8a0000,0x000000000f9a0000)]
  0x000000000e350000 JavaThread "Signal Dispatcher" daemon [_thread_blocked, id=1616, stack(0x000000000f5e0000,0x000000000f6e0000)]
  0x00000000022b6800 JavaThread "Finalizer" daemon [_thread_blocked, id=10016, stack(0x000000000f3e0000,0x000000000f4e0000)]
  0x00000000022b0000 JavaThread "Reference Handler" daemon [_thread_blocked, id=3592, stack(0x000000000f250000,0x000000000f350000)]

Other Threads:
  0x000000000e2d3800 VMThread [stack: 0x000000000f0d0000,0x000000000f1d0000] [id=3352]
  0x000000000e392800 WatcherThread [stack: 0x000000000fe70000,0x000000000ff70000] [id=7176]

VM state:not at safepoint (normal execution)

VM Mutex/Monitor currently owned by a thread: None

Heap
 PSYoungGen      total 56896K, used 45194K [0x00000000c0800000, 0x00000000c4780000, 0x0000000000000000)
  eden space 48768K, 78% used [0x00000000c0800000,0x00000000c2d691d8,0x00000000c37a0000)
  from space 8128K, 84% used [0x00000000c3f90000,0x00000000c46498a8,0x00000000c4780000)
  to   space 8128K, 0% used [0x00000000c37a0000,0x00000000c37a0000,0x00000000c3f90000)
 ParOldGen       total 130048K, used 19762K [0x0000000041800000, 0x0000000049700000, 0x00000000c0800000)
  object space 130048K, 15% used [0x0000000041800000,0x0000000042b4ca40,0x0000000049700000)
 PSPermGen       total 21248K, used 17267K [0x000000003c600000, 0x000000003dac0000, 0x0000000041800000)
  object space 21248K, 81% used [0x000000003c600000,0x000000003d6dcc90,0x000000003dac0000)

Code Cache  [0x00000000025c0000, 0x0000000002830000, 0x00000000055c0000)
 total_blobs=710 nmethods=130 adapters=531 free_code_cache=48311Kb largest_free_block=49442560

Compilation events (10 events):
Event: 3.783 Thread 0x000000000e35e800  122             java.nio.DirectByteBuffer::putFloat (50 bytes)
Event: 3.783 Thread 0x000000000e358000 nmethod 121 0x0000000002694a50 code [0x0000000002694b80, 0x0000000002694c38]
Event: 3.783 Thread 0x000000000e35e800 nmethod 122 0x0000000002684e50 code [0x0000000002684f80, 0x0000000002684ff8]
Event: 3.783 Thread 0x000000000e358000    5 %           com.jme3.bullet.collision.shapes.HullCollisionShape::createShape @ 13 (97 bytes)
Event: 3.792 Thread 0x000000000e358000 nmethod 5% 0x0000000002690bd0 code [0x0000000002690d80, 0x00000000026915b0]
Event: 8.197 Thread 0x000000000e35e800  123             com.jme3.export.binary.BinaryInputCapsule::readByte (19 bytes)
Event: 8.197 Thread 0x000000000e358000    6 %           com.jme3.export.binary.BinaryInputCapsule::readByteArray @ 20 (43 bytes)
Event: 8.198 Thread 0x000000000e35e800 nmethod 123 0x00000000026947d0 code [0x0000000002694900, 0x00000000026949b8]
Event: 8.200 Thread 0x000000000e358000 nmethod 6% 0x0000000002697150 code [0x00000000026972a0, 0x00000000026975b8]
Event: 8.201 Thread 0x000000000e35e800  124             com.jme3.export.binary.BinaryInputCapsule::readByteArray (43 bytes)

GC Heap History (4 events):
Event: 2.926 GC heap before
{Heap before GC invocations=1 (full 0):
 PSYoungGen      total 56896K, used 48768K [0x00000000c0800000, 0x00000000c4780000, 0x0000000000000000)
  eden space 48768K, 100% used [0x00000000c0800000,0x00000000c37a0000,0x00000000c37a0000)
  from space 8128K, 0% used [0x00000000c3f90000,0x00000000c3f90000,0x00000000c4780000)
  to   space 8128K, 0% used [0x00000000c37a0000,0x00000000c37a0000,0x00000000c3f90000)
 ParOldGen       total 130048K, used 0K [0x0000000041800000, 0x0000000049700000, 0x00000000c0800000)
  object space 130048K, 0% used [0x0000000041800000,0x0000000041800000,0x0000000049700000)
 PSPermGen       total 21248K, used 17181K [0x000000003c600000, 0x000000003dac0000, 0x0000000041800000)
  object space 21248K, 80% used [0x000000003c600000,0x000000003d6c7640,0x000000003dac0000)
Event: 2.937 GC heap after
Heap after GC invocations=1 (full 0):
 PSYoungGen      total 56896K, used 8107K [0x00000000c0800000, 0x00000000c4780000, 0x0000000000000000)
  eden space 48768K, 0% used [0x00000000c0800000,0x00000000c0800000,0x00000000c37a0000)
  from space 8128K, 99% used [0x00000000c37a0000,0x00000000c3f8ad20,0x00000000c3f90000)
  to   space 8128K, 0% used [0x00000000c3f90000,0x00000000c3f90000,0x00000000c4780000)
 ParOldGen       total 130048K, used 10538K [0x0000000041800000, 0x0000000049700000, 0x00000000c0800000)
  object space 130048K, 8% used [0x0000000041800000,0x000000004224aa10,0x0000000049700000)
 PSPermGen       total 21248K, used 17181K [0x000000003c600000, 0x000000003dac0000, 0x0000000041800000)
  object space 21248K, 80% used [0x000000003c600000,0x000000003d6c7640,0x000000003dac0000)
}
Event: 3.426 GC heap before
{Heap before GC invocations=2 (full 0):
 PSYoungGen      total 56896K, used 56875K [0x00000000c0800000, 0x00000000c4780000, 0x0000000000000000)
  eden space 48768K, 100% used [0x00000000c0800000,0x00000000c37a0000,0x00000000c37a0000)
  from space 8128K, 99% used [0x00000000c37a0000,0x00000000c3f8ad20,0x00000000c3f90000)
  to   space 8128K, 0% used [0x00000000c3f90000,0x00000000c3f90000,0x00000000c4780000)
 ParOldGen       total 130048K, used 10538K [0x0000000041800000, 0x0000000049700000, 0x00000000c0800000)
  object space 130048K, 8% used [0x0000000041800000,0x000000004224aa10,0x0000000049700000)
 PSPermGen       total 21248K, used 17197K [0x000000003c600000, 0x000000003dac0000, 0x0000000041800000)
  object space 21248K, 80% used [0x000000003c600000,0x000000003d6cb778,0x000000003dac0000)
Event: 3.432 GC heap after
Heap after GC invocations=2 (full 0):
 PSYoungGen      total 56896K, used 6886K [0x00000000c0800000, 0x00000000c4780000, 0x0000000000000000)
  eden space 48768K, 0% used [0x00000000c0800000,0x00000000c0800000,0x00000000c37a0000)
  from space 8128K, 84% used [0x00000000c3f90000,0x00000000c46498a8,0x00000000c4780000)
  to   space 8128K, 0% used [0x00000000c37a0000,0x00000000c37a0000,0x00000000c3f90000)
 ParOldGen       total 130048K, used 19762K [0x0000000041800000, 0x0000000049700000, 0x00000000c0800000)
  object space 130048K, 15% used [0x0000000041800000,0x0000000042b4ca40,0x0000000049700000)
 PSPermGen       total 21248K, used 17197K [0x000000003c600000, 0x000000003dac0000, 0x0000000041800000)
  object space 21248K, 80% used [0x000000003c600000,0x000000003d6cb778,0x000000003dac0000)
}

Deoptimization events (10 events):
Event: 2.728 Thread 0x00000000102b9800 Uncommon trap -34 fr.pc 0x000000000266e864
Event: 2.728 Thread 0x00000000102b9800 Uncommon trap -34 fr.pc 0x000000000266e864
Event: 2.728 Thread 0x00000000102b9800 Uncommon trap -34 fr.pc 0x000000000266bf28
Event: 2.728 Thread 0x00000000102b9800 Uncommon trap -34 fr.pc 0x0000000002674098
Event: 2.728 Thread 0x00000000102b9800 Uncommon trap -34 fr.pc 0x000000000266bf28
Event: 3.390 Thread 0x00000000102b9800 Uncommon trap -83 fr.pc 0x000000000267d804
Event: 3.764 Thread 0x00000000102b9800 Uncommon trap -58 fr.pc 0x000000000267fb54
Event: 3.764 Thread 0x00000000102b9800 Uncommon trap -58 fr.pc 0x000000000267fb54
Event: 3.764 Thread 0x00000000102b9800 Uncommon trap -58 fr.pc 0x000000000267fb54
Event: 3.765 Thread 0x00000000102b9800 Uncommon trap -58 fr.pc 0x000000000267fb54

Internal exceptions (10 events):
Event: 2.813 Thread 0x00000000102b9800 Threw 0x00000000c2e13d98 at C:\jdk7u2_64p\jdk7u4\hotspot\src\share\vm\prims\jvm.cpp:1166
Event: 2.813 Thread 0x00000000102b9800 Threw 0x00000000c2e18740 at C:\jdk7u2_64p\jdk7u4\hotspot\src\share\vm\prims\jvm.cpp:1166
Event: 2.814 Thread 0x00000000102b9800 Threw 0x00000000c2e1dbd8 at C:\jdk7u2_64p\jdk7u4\hotspot\src\share\vm\prims\jvm.cpp:1166
Event: 3.390 Thread 0x00000000102b9800 Implicit null exception at 0x000000000267d579 to 0x000000000267d7f9
Event: 3.765 Thread 0x00000000102b9800 Threw 0x00000000c2a8bee0 at C:\jdk7u2_64p\jdk7u4\hotspot\src\share\vm\prims\jvm.cpp:1166
Event: 3.769 Thread 0x00000000102b9800 Threw 0x00000000c2ab3068 at C:\jdk7u2_64p\jdk7u4\hotspot\src\share\vm\prims\jvm.cpp:1166
Event: 3.771 Thread 0x00000000102b9800 Threw 0x00000000c2ac2700 at C:\jdk7u2_64p\jdk7u4\hotspot\src\share\vm\prims\jvm.cpp:1166
Event: 3.771 Thread 0x00000000102b9800 Threw 0x00000000c2ac5b78 at C:\jdk7u2_64p\jdk7u4\hotspot\src\share\vm\prims\jvm.cpp:1166
Event: 3.772 Thread 0x00000000102b9800 Threw 0x00000000c2ad1350 at C:\jdk7u2_64p\jdk7u4\hotspot\src\share\vm\prims\jvm.cpp:1166
Event: 3.773 Thread 0x00000000102b9800 Threw 0x00000000c2adaf80 at C:\jdk7u2_64p\jdk7u4\hotspot\src\share\vm\prims\jvm.cpp:1166

Events (10 events):
Event: 3.773 loading class 0x0000000015cf1430 done
Event: 3.939 loading class 0x000000001015d830
Event: 3.939 loading class 0x000000001015d830 done
Event: 3.939 loading class 0x000000001015a970
Event: 3.939 loading class 0x000000001015a970 done
Event: 3.939 Thread 0x000000001013d800 Thread exited: 0x000000001013d800
Event: 3.939 Thread 0x0000000010147000 Thread exited: 0x0000000010147000
Event: 4.039 Executing VM operation: EnableBiasedLocking
Event: 4.039 Executing VM operation: EnableBiasedLocking done
Event: 5.443 Thread 0x00000000101d8800 Thread exited: 0x00000000101d8800


Dynamic libraries:
0x000000003fae0000 - 0x000000003fb13000 	C:\Program Files\Java\jdk1.7.0_04\bin\java.exe
0x00000000775d0000 - 0x0000000077779000 	C:\Windows\SYSTEM32\ntdll.dll
0x00000000774b0000 - 0x00000000775cf000 	C:\Windows\system32\kernel32.dll
0x00000000fdae0000 - 0x00000000fdb4c000 	C:\Windows\system32\KERNELBASE.dll
0x00000000fe6d0000 - 0x00000000fe7ab000 	C:\Windows\system32\ADVAPI32.dll
0x00000000ff750000 - 0x00000000ff7ef000 	C:\Windows\system32\msvcrt.dll
0x00000000ff8c0000 - 0x00000000ff8df000 	C:\Windows\SYSTEM32\sechost.dll
0x00000000fe030000 - 0x00000000fe15d000 	C:\Windows\system32\RPCRT4.dll
0x00000000773b0000 - 0x00000000774aa000 	C:\Windows\system32\USER32.dll
0x00000000fdf60000 - 0x00000000fdfc7000 	C:\Windows\system32\GDI32.dll
0x00000000fdfd0000 - 0x00000000fdfde000 	C:\Windows\system32\LPK.dll
0x00000000fe200000 - 0x00000000fe2c9000 	C:\Windows\system32\USP10.dll
0x00000000fb4e0000 - 0x00000000fb6d4000 	C:\Windows\WinSxS\amd64_microsoft.windows.common-controls_6595b64144ccf1df_6.0.7601.17514_none_fa396087175ac9ac\COMCTL32.dll
0x00000000fe160000 - 0x00000000fe1d1000 	C:\Windows\system32\SHLWAPI.dll
0x00000000ff7f0000 - 0x00000000ff81e000 	C:\Windows\system32\IMM32.DLL
0x00000000fe5c0000 - 0x00000000fe6c9000 	C:\Windows\system32\MSCTF.dll
0x000000006f220000 - 0x000000006f2f1000 	C:\Program Files\Java\jdk1.7.0_04\jre\bin\msvcr100.dll
0x0000000058ea0000 - 0x00000000595ba000 	C:\Program Files\Java\jdk1.7.0_04\jre\bin\server\jvm.dll
0x00000000f9e20000 - 0x00000000f9e29000 	C:\Windows\system32\WSOCK32.dll
0x00000000fdfe0000 - 0x00000000fe02d000 	C:\Windows\system32\WS2_32.dll
0x00000000fe370000 - 0x00000000fe378000 	C:\Windows\system32\NSI.dll
0x00000000f9800000 - 0x00000000f983b000 	C:\Windows\system32\WINMM.dll
0x0000000077790000 - 0x0000000077797000 	C:\Windows\system32\PSAPI.DLL
0x000000006faf0000 - 0x000000006faff000 	C:\Program Files\Java\jdk1.7.0_04\jre\bin\verify.dll
0x000000006f1f0000 - 0x000000006f218000 	C:\Program Files\Java\jdk1.7.0_04\jre\bin\java.dll
0x000000006f1d0000 - 0x000000006f1e5000 	C:\Program Files\Java\jdk1.7.0_04\jre\bin\zip.dll
0x0000000060f50000 - 0x00000000610e4000 	C:\Program Files\Java\jdk1.7.0_04\jre\bin\awt.dll
0x00000000fde00000 - 0x00000000fded7000 	C:\Windows\system32\OLEAUT32.dll
0x00000000ff540000 - 0x00000000ff743000 	C:\Windows\system32\ole32.dll
0x00000000fa730000 - 0x00000000fa786000 	C:\Windows\system32\uxtheme.dll
0x00000000fa570000 - 0x00000000fa588000 	C:\Windows\system32\dwmapi.dll
0x00000000fd960000 - 0x00000000fd96f000 	C:\Windows\system32\CRYPTBASE.dll
0x00000000f3760000 - 0x00000000f395f000 	C:\Windows\system32\d3d9.dll
0x00000000fca20000 - 0x00000000fca2c000 	C:\Windows\system32\VERSION.dll
0x00000000f4730000 - 0x00000000f4737000 	C:\Windows\system32\d3d8thk.dll
0x00000000f8b30000 - 0x00000000f8c40000 	C:\Windows\system32\aticfx64.dll
0x00000000f4720000 - 0x00000000f472f000 	C:\Windows\system32\atiu9p64.dll
0x00000000f2450000 - 0x00000000f2aa9000 	C:\Windows\system32\atiumd64.dll
0x0000000070240000 - 0x000000007065a000 	C:\Windows\system32\atiumd6a.dll
0x00000000fe7b0000 - 0x00000000ff538000 	C:\Windows\system32\SHELL32.dll
0x000000006ed50000 - 0x000000006ed84000 	C:\Program Files\Java\jdk1.7.0_04\jre\bin\fontmanager.dll
0x000000006efd0000 - 0x000000006efe9000 	C:\Program Files\Java\jdk1.7.0_04\jre\bin\net.dll
0x00000000fd2a0000 - 0x00000000fd2f5000 	C:\Windows\system32\mswsock.dll
0x00000000fd290000 - 0x00000000fd297000 	C:\Windows\System32\wship6.dll
0x000000006eff0000 - 0x000000006f001000 	C:\Program Files\Java\jdk1.7.0_04\jre\bin\nio.dll
0x000000006ed00000 - 0x000000006ed41000 	C:\Program Files\Java\jdk1.7.0_04\jre\bin\t2k.dll
0x00000000ff820000 - 0x00000000ff8b9000 	C:\Windows\system32\CLBCatQ.DLL
0x0000000062f00000 - 0x0000000063fa9000 	C:\Users\Shane\Desktop\New Game Project\Battle for Adrastea\bulletjme64.dll
0x0000000080000000 - 0x000000008004f000 	C:\Users\Shane\Desktop\New Game Project\Battle for Adrastea\lwjgl64.dll
0x00000000e5fb0000 - 0x00000000e60cd000 	C:\Windows\system32\OPENGL32.dll
0x00000000fc7b0000 - 0x00000000fc7dd000 	C:\Windows\system32\GLU32.dll
0x00000000f49d0000 - 0x00000000f4ac1000 	C:\Windows\system32\DDRAW.dll
0x00000000fc7a0000 - 0x00000000fc7a8000 	C:\Windows\system32\DCIMAN32.dll
0x00000000fe3e0000 - 0x00000000fe5b7000 	C:\Windows\system32\SETUPAPI.dll
0x00000000fdd20000 - 0x00000000fdd56000 	C:\Windows\system32\CFGMGR32.dll
0x00000000fdb90000 - 0x00000000fdbaa000 	C:\Windows\system32\DEVOBJ.dll
0x00000000fc790000 - 0x00000000fc799000 	C:\Windows\system32\atig6pxx.dll
0x0000000054a90000 - 0x00000000562c5000 	C:\Windows\system32\atio6axx.dll
0x00000000f9ef0000 - 0x00000000f9f81000 	C:\Windows\system32\atiadlxx.dll
0x00000000fcd70000 - 0x00000000fcd8e000 	C:\Windows\system32\USERENV.dll
0x00000000fda30000 - 0x00000000fda3f000 	C:\Windows\system32\profapi.dll
0x00000000fca00000 - 0x00000000fca11000 	C:\Windows\system32\WTSAPI32.dll
0x00000000fdb50000 - 0x00000000fdb8a000 	C:\Windows\system32\WINTRUST.dll
0x00000000fdbb0000 - 0x00000000fdd1a000 	C:\Windows\system32\CRYPT32.dll
0x00000000fdad0000 - 0x00000000fdadf000 	C:\Windows\system32\MSASN1.dll
0x00000000fc750000 - 0x00000000fc75e000 	C:\Windows\system32\atig6txx.dll
0x00000000ebae0000 - 0x00000000ebb7c000 	C:\Windows\system32\mscms.dll
0x00000000fc000000 - 0x00000000fc042000 	C:\Windows\system32\icm32.dll
0x000000000f1d0000 - 0x000000000f22c000 	C:\Users\Shane\Desktop\New Game Project\Battle for Adrastea\OpenAL64.dll
0x00000000fbc40000 - 0x00000000fbc8b000 	C:\Windows\System32\MMDevApi.dll
0x00000000fbb10000 - 0x00000000fbc3c000 	C:\Windows\System32\PROPSYS.dll
0x00000000f1c40000 - 0x00000000f1cc8000 	C:\Windows\system32\dsound.dll
0x00000000fc8c0000 - 0x00000000fc8ec000 	C:\Windows\system32\POWRPROF.dll
0x00000000f35a0000 - 0x00000000f35ef000 	C:\Windows\system32\AUDIOSES.DLL
0x000000006ebf0000 - 0x000000006ec20000 	C:\Program Files\Java\jdk1.7.0_04\jre\bin\jpeg.dll
0x000000006d950000 - 0x000000006d989000 	C:\Program Files\Java\jdk1.7.0_04\jre\bin\kcms.dll

VM Arguments:
jvm_args: -Dfile.encoding=UTF-8 
java_command: Game.BattleForAdrastea
Launcher Type: SUN_STANDARD

Environment Variables:
PATH=C:\Program Files (x86)\AMD APP\bin\x86_64;C:\Program Files (x86)\AMD APP\bin\x86;C:\Program Files\Common Files\Microsoft Shared\Windows Live;C:\Windows\system32;C:\Windows;C:\Windows\System32\Wbem;C:\Windows\System32\WindowsPowerShell\v1.0\;C:\Program Files (x86)\ATI Technologies\ATI.ACE\Core-Static;C:\Program Files\TortoiseSVN\bin;C:\Program Files (x86)\Microsoft SQL Server\100\Tools\Binn\;C:\Program Files\Microsoft SQL Server\100\Tools\Binn\;C:\Program Files\Microsoft SQL Server\100\DTS\Binn\;C:\Program Files\Common Files\Autodesk Shared\;C:\Program Files (x86)\Autodesk\Backburner\;C:\Program Files\TortoiseGit\bin;C:\Program Files\Common Files\Microsoft Shared\Windows Live
USERNAME=Shane
OS=Windows_NT
PROCESSOR_IDENTIFIER=Intel64 Family 6 Model 42 Stepping 7, GenuineIntel



---------------  S Y S T E M  ---------------

OS: Windows 7 , 64 bit Build 7601 Service Pack 1

CPU:total 4 (4 cores per cpu, 1 threads per core) family 6 model 42 stepping 7, cmov, cx8, fxsr, mmx, sse, sse2, sse3, ssse3, sse4.1, sse4.2, popcnt, avx, tsc, tscinvbit

Memory: 4k page, physical 12481716k(5025128k free), swap 24961580k(15689524k free)

vm_info: Java HotSpot(TM) 64-Bit Server VM (23.0-b21) for windows-amd64 JRE (1.7.0_04-b22), built on May  2 2012 23:28:26 by "java_re" with unknown MS VC++:1600

time: Fri Aug 10 20:15:23 2012
elapsed time: 8 seconds

